<?xml version="1.0" encoding="UTF-8" ?>
<testsuite failures="3" time="2.313" errors="2" skipped="0" tests="11" name="edu.ualberta.cs.papersdb.server.dao.hibernate.TestPaper">
  <properties>
[...]
</properties>
  <testcase time="1.536" classname="edu.ualberta.cs.papersdb.server.dao.hibernate.TestPaper" name="delete"/>
  <testcase time="0.058" classname="edu.ualberta.cs.papersdb.server.dao.hibernate.TestPaper" name="create">
    <failure message="no exception when saving without a title" type="junit.framework.AssertionFailedError">junit.framework.AssertionFailedError: no exception when saving without a title
	at junit.framework.Assert.fail(Assert.java:50)
	at edu.ualberta.cs.papersdb.server.dao.hibernate.TestPaper.create(TestPaper.java:82)
	at sun.reflect.NativeMethodAccessorImpl.invoke0(Native Method)
	at sun.reflect.NativeMethodAccessorImpl.invoke(NativeMethodAccessorImpl.java:39)
	at sun.reflect.DelegatingMethodAccessorImpl.invoke(DelegatingMethodAccessorImpl.java:25)
	at java.lang.reflect.Method.invoke(Method.java:597)
	at org.junit.runners.model.FrameworkMethod$1.runReflectiveCall(FrameworkMethod.java:45)
	at org.junit.internal.runners.model.ReflectiveCallable.run(ReflectiveCallable.java:15)
	at org.junit.runners.model.FrameworkMethod.invokeExplosively(FrameworkMethod.java:42)
	at org.junit.internal.runners.statements.InvokeMethod.evaluate(InvokeMethod.java:20)
	at org.junit.internal.runners.statements.RunBefores.evaluate(RunBefores.java:28)
	at org.springframework.test.context.junit4.statements.RunBeforeTestMethodCallbacks.evaluate(RunBeforeTestMethodCallbacks.java:74)
	at org.springframework.test.context.junit4.statements.RunAfterTestMethodCallbacks.evaluate(RunAfterTestMethodCallbacks.java:83)
	at org.junit.rules.TestWatcher$1.evaluate(TestWatcher.java:47)
	at org.junit.rules.RunRules.evaluate(RunRules.java:18)
	at org.springframework.test.context.junit4.statements.SpringRepeat.evaluate(SpringRepeat.java:72)
	at org.springframework.test.context.junit4.SpringJUnit4ClassRunner.runChild(SpringJUnit4ClassRunner.java:231)
	at org.junit.runners.BlockJUnit4ClassRunner.runChild(BlockJUnit4ClassRunner.java:47)
	at org.junit.runners.ParentRunner$3.run(ParentRunner.java:231)
	at org.junit.runners.ParentRunner$1.schedule(ParentRunner.java:60)
	at org.junit.runners.ParentRunner.runChildren(ParentRunner.java:229)
	at org.junit.runners.ParentRunner.access$000(ParentRunner.java:50)
	at org.junit.runners.ParentRunner$2.evaluate(ParentRunner.java:222)
	at org.springframework.test.context.junit4.statements.RunBeforeTestClassCallbacks.evaluate(RunBeforeTestClassCallbacks.java:61)
	at org.springframework.test.context.junit4.statements.RunAfterTestClassCallbacks.evaluate(RunAfterTestClassCallbacks.java:71)
	at org.junit.runners.ParentRunner.run(ParentRunner.java:300)
	at org.springframework.test.context.junit4.SpringJUnit4ClassRunner.run(SpringJUnit4ClassRunner.java:174)
	at org.apache.maven.surefire.junit4.JUnit4TestSet.execute(JUnit4TestSet.java:53)
	at org.apache.maven.surefire.junit4.JUnit4Provider.executeTestSet(JUnit4Provider.java:123)
	at org.apache.maven.surefire.junit4.JUnit4Provider.invoke(JUnit4Provider.java:104)
	at sun.reflect.NativeMethodAccessorImpl.invoke0(Native Method)
	at sun.reflect.NativeMethodAccessorImpl.invoke(NativeMethodAccessorImpl.java:39)
	at sun.reflect.DelegatingMethodAccessorImpl.invoke(DelegatingMethodAccessorImpl.java:25)
	at java.lang.reflect.Method.invoke(Method.java:597)
	at org.apache.maven.surefire.util.ReflectionUtils.invokeMethodWithArray(ReflectionUtils.java:164)
	at org.apache.maven.surefire.booter.ProviderFactory$ProviderProxy.invoke(ProviderFactory.java:110)
	at org.apache.maven.surefire.booter.SurefireStarter.invokeProvider(SurefireStarter.java:175)
	at org.apache.maven.surefire.booter.SurefireStarter.runSuitesInProcessWhenForked(SurefireStarter.java:107)
	at org.apache.maven.surefire.booter.ForkedBooter.main(ForkedBooter.java:68)
</failure>
    <system-out>21:04:52,124 DEBUG GenericHibernateDAO:84 - save: Paper
21:04:52,125 DEBUG GenericHibernateDAO:98 - flush
21:04:52,126 DEBUG SQL:104 - insert into PAPER (VERSION, DOI, ABSTRACT, CUSTOM_RANKING, PUB_ENTRY_DATE, KEYWORDS, PUBLIC, RANKING_ID, TITLE, SUBMITTED_BY_USER_ID, USER_TAGS, ID) values (?, ?, ?, ?, ?, ?, ?, ?, ?, ?, ?, ?)
21:04:52,128 DEBUG SQL:104 - insert into PAPER_COLLABORATION (PAPER_ID, COLLABORATION_ID) values (?, ?)
21:04:52,129 DEBUG SQL:104 - insert into PAPER_COLLABORATION (PAPER_ID, COLLABORATION_ID) values (?, ?)
21:04:52,132 DEBUG SQL:104 - insert into PAPER_COLLABORATION (PAPER_ID, COLLABORATION_ID) values (?, ?)
21:04:52,133 DEBUG SQL:104 - insert into PAPER_COLLABORATION (PAPER_ID, COLLABORATION_ID) values (?, ?)
21:04:52,135 DEBUG SQL:104 - SELECT * FROM paper WHERE title = ?
21:04:52,136 DEBUG SQL:104 - SELECT collaboration_id FROM paper_collaboration WHERE paper_id = ?
21:04:52,138 DEBUG GenericHibernateDAO:84 - save: Paper
</system-out>
  </testcase>
  <testcase time="0.074" classname="edu.ualberta.cs.papersdb.server.dao.hibernate.TestPaper" name="update"/>
  <testcase time="0.05" classname="edu.ualberta.cs.papersdb.server.dao.hibernate.TestPaper" name="saveDuplicateTitle">
    <failure message="no exception when saving new paper with existing title" type="junit.framework.AssertionFailedError">junit.framework.AssertionFailedError: no exception when saving new paper with existing title
	at junit.framework.Assert.fail(Assert.java:50)
	at edu.ualberta.cs.papersdb.server.dao.hibernate.TestPaper.saveDuplicateTitle(TestPaper.java:103)
	at sun.reflect.NativeMethodAccessorImpl.invoke0(Native Method)
	at sun.reflect.NativeMethodAccessorImpl.invoke(NativeMethodAccessorImpl.java:39)
	at sun.reflect.DelegatingMethodAccessorImpl.invoke(DelegatingMethodAccessorImpl.java:25)
	at java.lang.reflect.Method.invoke(Method.java:597)
	at org.junit.runners.model.FrameworkMethod$1.runReflectiveCall(FrameworkMethod.java:45)
	at org.junit.internal.runners.model.ReflectiveCallable.run(ReflectiveCallable.java:15)
	at org.junit.runners.model.FrameworkMethod.invokeExplosively(FrameworkMethod.java:42)
	at org.junit.internal.runners.statements.InvokeMethod.evaluate(InvokeMethod.java:20)
	at org.junit.internal.runners.statements.RunBefores.evaluate(RunBefores.java:28)
	at org.springframework.test.context.junit4.statements.RunBeforeTestMethodCallbacks.evaluate(RunBeforeTestMethodCallbacks.java:74)
	at org.springframework.test.context.junit4.statements.RunAfterTestMethodCallbacks.evaluate(RunAfterTestMethodCallbacks.java:83)
	at org.junit.rules.TestWatcher$1.evaluate(TestWatcher.java:47)
	at org.junit.rules.RunRules.evaluate(RunRules.java:18)
	at org.springframework.test.context.junit4.statements.SpringRepeat.evaluate(SpringRepeat.java:72)
	at org.springframework.test.context.junit4.SpringJUnit4ClassRunner.runChild(SpringJUnit4ClassRunner.java:231)
	at org.junit.runners.BlockJUnit4ClassRunner.runChild(BlockJUnit4ClassRunner.java:47)
	at org.junit.runners.ParentRunner$3.run(ParentRunner.java:231)
	at org.junit.runners.ParentRunner$1.schedule(ParentRunner.java:60)
	at org.junit.runners.ParentRunner.runChildren(ParentRunner.java:229)
	at org.junit.runners.ParentRunner.access$000(ParentRunner.java:50)
	at org.junit.runners.ParentRunner$2.evaluate(ParentRunner.java:222)
	at org.springframework.test.context.junit4.statements.RunBeforeTestClassCallbacks.evaluate(RunBeforeTestClassCallbacks.java:61)
	at org.springframework.test.context.junit4.statements.RunAfterTestClassCallbacks.evaluate(RunAfterTestClassCallbacks.java:71)
	at org.junit.runners.ParentRunner.run(ParentRunner.java:300)
	at org.springframework.test.context.junit4.SpringJUnit4ClassRunner.run(SpringJUnit4ClassRunner.java:174)
	at org.apache.maven.surefire.junit4.JUnit4TestSet.execute(JUnit4TestSet.java:53)
	at org.apache.maven.surefire.junit4.JUnit4Provider.executeTestSet(JUnit4Provider.java:123)
	at org.apache.maven.surefire.junit4.JUnit4Provider.invoke(JUnit4Provider.java:104)
	at sun.reflect.NativeMethodAccessorImpl.invoke0(Native Method)
	at sun.reflect.NativeMethodAccessorImpl.invoke(NativeMethodAccessorImpl.java:39)
	at sun.reflect.DelegatingMethodAccessorImpl.invoke(DelegatingMethodAccessorImpl.java:25)
	at java.lang.reflect.Method.invoke(Method.java:597)
	at org.apache.maven.surefire.util.ReflectionUtils.invokeMethodWithArray(ReflectionUtils.java:164)
	at org.apache.maven.surefire.booter.ProviderFactory$ProviderProxy.invoke(ProviderFactory.java:110)
	at org.apache.maven.surefire.booter.SurefireStarter.invokeProvider(SurefireStarter.java:175)
	at org.apache.maven.surefire.booter.SurefireStarter.runSuitesInProcessWhenForked(SurefireStarter.java:107)
	at org.apache.maven.surefire.booter.ForkedBooter.main(ForkedBooter.java:68)
</failure>
    <system-out>21:04:52,257 DEBUG GenericHibernateDAO:84 - save: Paper
21:04:52,258 DEBUG GenericHibernateDAO:98 - flush
21:04:52,259 DEBUG SQL:104 - insert into PAPER (VERSION, DOI, ABSTRACT, CUSTOM_RANKING, PUB_ENTRY_DATE, KEYWORDS, PUBLIC, RANKING_ID, TITLE, SUBMITTED_BY_USER_ID, USER_TAGS, ID) values (?, ?, ?, ?, ?, ?, ?, ?, ?, ?, ?, ?)
21:04:52,261 DEBUG GenericHibernateDAO:84 - save: Paper
</system-out>
  </testcase>
  <testcase time="0.084" classname="edu.ualberta.cs.papersdb.server.dao.hibernate.TestPaper" name="getByTitle"/>
  <testcase time="0.068" classname="edu.ualberta.cs.papersdb.server.dao.hibernate.TestPaper" name="getPapersTitleMatching"/>
  <testcase time="0.051" classname="edu.ualberta.cs.papersdb.server.dao.hibernate.TestPaper" name="getByDoi"/>
  <testcase time="0.043" classname="edu.ualberta.cs.papersdb.server.dao.hibernate.TestPaper" name="saveDuplicateDOI">
    <failure message="no exception when saving new paper with existing DOI" type="junit.framework.AssertionFailedError">junit.framework.AssertionFailedError: no exception when saving new paper with existing DOI
	at junit.framework.Assert.fail(Assert.java:50)
	at edu.ualberta.cs.papersdb.server.dao.hibernate.TestPaper.saveDuplicateDOI(TestPaper.java:171)
	at sun.reflect.NativeMethodAccessorImpl.invoke0(Native Method)
	at sun.reflect.NativeMethodAccessorImpl.invoke(NativeMethodAccessorImpl.java:39)
	at sun.reflect.DelegatingMethodAccessorImpl.invoke(DelegatingMethodAccessorImpl.java:25)
	at java.lang.reflect.Method.invoke(Method.java:597)
	at org.junit.runners.model.FrameworkMethod$1.runReflectiveCall(FrameworkMethod.java:45)
	at org.junit.internal.runners.model.ReflectiveCallable.run(ReflectiveCallable.java:15)
	at org.junit.runners.model.FrameworkMethod.invokeExplosively(FrameworkMethod.java:42)
	at org.junit.internal.runners.statements.InvokeMethod.evaluate(InvokeMethod.java:20)
	at org.junit.internal.runners.statements.RunBefores.evaluate(RunBefores.java:28)
	at org.springframework.test.context.junit4.statements.RunBeforeTestMethodCallbacks.evaluate(RunBeforeTestMethodCallbacks.java:74)
	at org.springframework.test.context.junit4.statements.RunAfterTestMethodCallbacks.evaluate(RunAfterTestMethodCallbacks.java:83)
	at org.junit.rules.TestWatcher$1.evaluate(TestWatcher.java:47)
	at org.junit.rules.RunRules.evaluate(RunRules.java:18)
	at org.springframework.test.context.junit4.statements.SpringRepeat.evaluate(SpringRepeat.java:72)
	at org.springframework.test.context.junit4.SpringJUnit4ClassRunner.runChild(SpringJUnit4ClassRunner.java:231)
	at org.junit.runners.BlockJUnit4ClassRunner.runChild(BlockJUnit4ClassRunner.java:47)
	at org.junit.runners.ParentRunner$3.run(ParentRunner.java:231)
	at org.junit.runners.ParentRunner$1.schedule(ParentRunner.java:60)
	at org.junit.runners.ParentRunner.runChildren(ParentRunner.java:229)
	at org.junit.runners.ParentRunner.access$000(ParentRunner.java:50)
	at org.junit.runners.ParentRunner$2.evaluate(ParentRunner.java:222)
	at org.springframework.test.context.junit4.statements.RunBeforeTestClassCallbacks.evaluate(RunBeforeTestClassCallbacks.java:61)
	at org.springframework.test.context.junit4.statements.RunAfterTestClassCallbacks.evaluate(RunAfterTestClassCallbacks.java:71)
	at org.junit.runners.ParentRunner.run(ParentRunner.java:300)
	at org.springframework.test.context.junit4.SpringJUnit4ClassRunner.run(SpringJUnit4ClassRunner.java:174)
	at org.apache.maven.surefire.junit4.JUnit4TestSet.execute(JUnit4TestSet.java:53)
	at org.apache.maven.surefire.junit4.JUnit4Provider.executeTestSet(JUnit4Provider.java:123)
	at org.apache.maven.surefire.junit4.JUnit4Provider.invoke(JUnit4Provider.java:104)
	at sun.reflect.NativeMethodAccessorImpl.invoke0(Native Method)
	at sun.reflect.NativeMethodAccessorImpl.invoke(NativeMethodAccessorImpl.java:39)
	at sun.reflect.DelegatingMethodAccessorImpl.invoke(DelegatingMethodAccessorImpl.java:25)
	at java.lang.reflect.Method.invoke(Method.java:597)
	at org.apache.maven.surefire.util.ReflectionUtils.invokeMethodWithArray(ReflectionUtils.java:164)
	at org.apache.maven.surefire.booter.ProviderFactory$ProviderProxy.invoke(ProviderFactory.java:110)
	at org.apache.maven.surefire.booter.SurefireStarter.invokeProvider(SurefireStarter.java:175)
	at org.apache.maven.surefire.booter.SurefireStarter.runSuitesInProcessWhenForked(SurefireStarter.java:107)
	at org.apache.maven.surefire.booter.ForkedBooter.main(ForkedBooter.java:68)
</failure>
    <system-out>21:04:52,502 DEBUG GenericHibernateDAO:84 - save: Paper
21:04:52,502 DEBUG GenericHibernateDAO:98 - flush
21:04:52,503 DEBUG SQL:104 - insert into PAPER (VERSION, DOI, ABSTRACT, CUSTOM_RANKING, PUB_ENTRY_DATE, KEYWORDS, PUBLIC, RANKING_ID, TITLE, SUBMITTED_BY_USER_ID, USER_TAGS, ID) values (?, ?, ?, ?, ?, ?, ?, ?, ?, ?, ?, ?)
21:04:52,504 DEBUG GenericHibernateDAO:84 - save: Paper
</system-out>
  </testcase>
  <testcase time="0.085" classname="edu.ualberta.cs.papersdb.server.dao.hibernate.TestPaper" name="paperAuthors">
    <error message="Field &apos;ID&apos; doesn&apos;t have a default value" type="org.hibernate.exception.GenericJDBCException">org.hibernate.exception.GenericJDBCException: Field &apos;ID&apos; doesn&apos;t have a default value
	at org.hibernate.exception.internal.StandardSQLExceptionConverter.convert(StandardSQLExceptionConverter.java:54)
	at org.hibernate.engine.jdbc.spi.SqlExceptionHelper.convert(SqlExceptionHelper.java:125)
	at org.hibernate.engine.jdbc.spi.SqlExceptionHelper.convert(SqlExceptionHelper.java:110)
	at org.hibernate.engine.jdbc.internal.proxy.AbstractStatementProxyHandler.continueInvocation(AbstractStatementProxyHandler.java:129)
	at org.hibernate.engine.jdbc.internal.proxy.AbstractProxyHandler.invoke(AbstractProxyHandler.java:81)
	at $Proxy56.executeUpdate(Unknown Source)
	at org.springframework.jdbc.core.JdbcTemplate$3.doInPreparedStatement(JdbcTemplate.java:845)
	at org.springframework.jdbc.core.JdbcTemplate$3.doInPreparedStatement(JdbcTemplate.java:1)
	at org.springframework.jdbc.core.JdbcTemplate.execute(JdbcTemplate.java:587)
	at org.springframework.jdbc.core.JdbcTemplate.update(JdbcTemplate.java:843)
	at org.springframework.jdbc.core.simple.AbstractJdbcInsert.executeInsertAndReturnKeyHolderInternal(AbstractJdbcInsert.java:445)
	at org.springframework.jdbc.core.simple.AbstractJdbcInsert.executeInsertAndReturnKeyInternal(AbstractJdbcInsert.java:426)
	at org.springframework.jdbc.core.simple.AbstractJdbcInsert.doExecuteAndReturnKey(AbstractJdbcInsert.java:393)
	at org.springframework.jdbc.core.simple.SimpleJdbcInsert.executeAndReturnKey(SimpleJdbcInsert.java:126)
	at edu.ualberta.cs.papersdb.server.dao.jdbc.JdbcUtils.addAuthor(JdbcUtils.java:118)
	at edu.ualberta.cs.papersdb.server.dao.hibernate.TestPaper.paperAuthors(TestPaper.java:232)
	at sun.reflect.NativeMethodAccessorImpl.invoke0(Native Method)
	at sun.reflect.NativeMethodAccessorImpl.invoke(NativeMethodAccessorImpl.java:39)
	at sun.reflect.DelegatingMethodAccessorImpl.invoke(DelegatingMethodAccessorImpl.java:25)
	at java.lang.reflect.Method.invoke(Method.java:597)
	at org.junit.runners.model.FrameworkMethod$1.runReflectiveCall(FrameworkMethod.java:45)
	at org.junit.internal.runners.model.ReflectiveCallable.run(ReflectiveCallable.java:15)
	at org.junit.runners.model.FrameworkMethod.invokeExplosively(FrameworkMethod.java:42)
	at org.junit.internal.runners.statements.InvokeMethod.evaluate(InvokeMethod.java:20)
	at org.junit.internal.runners.statements.RunBefores.evaluate(RunBefores.java:28)
	at org.springframework.test.context.junit4.statements.RunBeforeTestMethodCallbacks.evaluate(RunBeforeTestMethodCallbacks.java:74)
	at org.springframework.test.context.junit4.statements.RunAfterTestMethodCallbacks.evaluate(RunAfterTestMethodCallbacks.java:83)
	at org.junit.rules.TestWatcher$1.evaluate(TestWatcher.java:47)
	at org.junit.rules.RunRules.evaluate(RunRules.java:18)
	at org.springframework.test.context.junit4.statements.SpringRepeat.evaluate(SpringRepeat.java:72)
	at org.springframework.test.context.junit4.SpringJUnit4ClassRunner.runChild(SpringJUnit4ClassRunner.java:231)
	at org.junit.runners.BlockJUnit4ClassRunner.runChild(BlockJUnit4ClassRunner.java:47)
	at org.junit.runners.ParentRunner$3.run(ParentRunner.java:231)
	at org.junit.runners.ParentRunner$1.schedule(ParentRunner.java:60)
	at org.junit.runners.ParentRunner.runChildren(ParentRunner.java:229)
	at org.junit.runners.ParentRunner.access$000(ParentRunner.java:50)
	at org.junit.runners.ParentRunner$2.evaluate(ParentRunner.java:222)
	at org.springframework.test.context.junit4.statements.RunBeforeTestClassCallbacks.evaluate(RunBeforeTestClassCallbacks.java:61)
	at org.springframework.test.context.junit4.statements.RunAfterTestClassCallbacks.evaluate(RunAfterTestClassCallbacks.java:71)
	at org.junit.runners.ParentRunner.run(ParentRunner.java:300)
	at org.springframework.test.context.junit4.SpringJUnit4ClassRunner.run(SpringJUnit4ClassRunner.java:174)
	at org.apache.maven.surefire.junit4.JUnit4TestSet.execute(JUnit4TestSet.java:53)
	at org.apache.maven.surefire.junit4.JUnit4Provider.executeTestSet(JUnit4Provider.java:123)
	at org.apache.maven.surefire.junit4.JUnit4Provider.invoke(JUnit4Provider.java:104)
	at sun.reflect.NativeMethodAccessorImpl.invoke0(Native Method)
	at sun.reflect.NativeMethodAccessorImpl.invoke(NativeMethodAccessorImpl.java:39)
	at sun.reflect.DelegatingMethodAccessorImpl.invoke(DelegatingMethodAccessorImpl.java:25)
	at java.lang.reflect.Method.invoke(Method.java:597)
	at org.apache.maven.surefire.util.ReflectionUtils.invokeMethodWithArray(ReflectionUtils.java:164)
	at org.apache.maven.surefire.booter.ProviderFactory$ProviderProxy.invoke(ProviderFactory.java:110)
	at org.apache.maven.surefire.booter.SurefireStarter.invokeProvider(SurefireStarter.java:175)
	at org.apache.maven.surefire.booter.SurefireStarter.runSuitesInProcessWhenForked(SurefireStarter.java:107)
	at org.apache.maven.surefire.booter.ForkedBooter.main(ForkedBooter.java:68)
Caused by: java.sql.SQLException: Field &apos;ID&apos; doesn&apos;t have a default value
	at com.mysql.jdbc.SQLError.createSQLException(SQLError.java:1074)
	at com.mysql.jdbc.MysqlIO.checkErrorPacket(MysqlIO.java:4074)
	at com.mysql.jdbc.MysqlIO.checkErrorPacket(MysqlIO.java:4006)
	at com.mysql.jdbc.MysqlIO.sendCommand(MysqlIO.java:2468)
	at com.mysql.jdbc.MysqlIO.sqlQueryDirect(MysqlIO.java:2629)
	at com.mysql.jdbc.ConnectionImpl.execSQL(ConnectionImpl.java:2719)
	at com.mysql.jdbc.PreparedStatement.executeInternal(PreparedStatement.java:2155)
	at com.mysql.jdbc.PreparedStatement.executeUpdate(PreparedStatement.java:2450)
	at com.mysql.jdbc.PreparedStatement.executeUpdate(PreparedStatement.java:2371)
	at com.mysql.jdbc.PreparedStatement.executeUpdate(PreparedStatement.java:2355)
	at sun.reflect.GeneratedMethodAccessor57.invoke(Unknown Source)
	at sun.reflect.DelegatingMethodAccessorImpl.invoke(DelegatingMethodAccessorImpl.java:25)
	at java.lang.reflect.Method.invoke(Method.java:597)
	at org.hibernate.engine.jdbc.internal.proxy.AbstractStatementProxyHandler.continueInvocation(AbstractStatementProxyHandler.java:122)
	... 49 more
</error>
    <system-out>21:04:52,545 DEBUG GenericHibernateDAO:84 - save: Paper
21:04:52,552 DEBUG GenericHibernateDAO:98 - flush
21:04:52,553 DEBUG SQL:104 - insert into PAPER (VERSION, DOI, ABSTRACT, CUSTOM_RANKING, PUB_ENTRY_DATE, KEYWORDS, PUBLIC, RANKING_ID, TITLE, SUBMITTED_BY_USER_ID, USER_TAGS, ID) values (?, ?, ?, ?, ?, ?, ?, ?, ?, ?, ?, ?)
21:04:52,591 DEBUG SQL:104 - INSERT INTO author (VERSION, EMAIL, FAMILY_NAMES, GIVEN_NAMES, TITLE) VALUES(?, ?, ?, ?, ?)
21:04:52,592  WARN SqlExceptionHelper:143 - SQL Error: 1364, SQLState: HY000
21:04:52,592 ERROR SqlExceptionHelper:144 - Field &apos;ID&apos; doesn&apos;t have a default value
</system-out>
  </testcase>
  <testcase time="0.043" classname="edu.ualberta.cs.papersdb.server.dao.hibernate.TestPaper" name="paperPublication">
    <error message="Field &apos;ID&apos; doesn&apos;t have a default value" type="org.hibernate.exception.GenericJDBCException">org.hibernate.exception.GenericJDBCException: Field &apos;ID&apos; doesn&apos;t have a default value
	at org.hibernate.exception.internal.StandardSQLExceptionConverter.convert(StandardSQLExceptionConverter.java:54)
	at org.hibernate.engine.jdbc.spi.SqlExceptionHelper.convert(SqlExceptionHelper.java:125)
	at org.hibernate.engine.jdbc.spi.SqlExceptionHelper.convert(SqlExceptionHelper.java:110)
	at org.hibernate.engine.jdbc.internal.proxy.AbstractStatementProxyHandler.continueInvocation(AbstractStatementProxyHandler.java:129)
	at org.hibernate.engine.jdbc.internal.proxy.AbstractProxyHandler.invoke(AbstractProxyHandler.java:81)
	at $Proxy56.executeUpdate(Unknown Source)
	at org.springframework.jdbc.core.JdbcTemplate$3.doInPreparedStatement(JdbcTemplate.java:845)
	at org.springframework.jdbc.core.JdbcTemplate$3.doInPreparedStatement(JdbcTemplate.java:1)
	at org.springframework.jdbc.core.JdbcTemplate.execute(JdbcTemplate.java:587)
	at org.springframework.jdbc.core.JdbcTemplate.update(JdbcTemplate.java:843)
	at org.springframework.jdbc.core.simple.AbstractJdbcInsert.executeInsertAndReturnKeyHolderInternal(AbstractJdbcInsert.java:445)
	at org.springframework.jdbc.core.simple.AbstractJdbcInsert.executeInsertAndReturnKeyInternal(AbstractJdbcInsert.java:426)
	at org.springframework.jdbc.core.simple.AbstractJdbcInsert.doExecuteAndReturnKey(AbstractJdbcInsert.java:393)
	at org.springframework.jdbc.core.simple.SimpleJdbcInsert.executeAndReturnKey(SimpleJdbcInsert.java:126)
	at edu.ualberta.cs.papersdb.server.dao.jdbc.JdbcUtils.addPublisher(JdbcUtils.java:133)
	at edu.ualberta.cs.papersdb.server.dao.hibernate.TestPaper.paperPublication(TestPaper.java:276)
	at sun.reflect.NativeMethodAccessorImpl.invoke0(Native Method)
	at sun.reflect.NativeMethodAccessorImpl.invoke(NativeMethodAccessorImpl.java:39)
	at sun.reflect.DelegatingMethodAccessorImpl.invoke(DelegatingMethodAccessorImpl.java:25)
	at java.lang.reflect.Method.invoke(Method.java:597)
	at org.junit.runners.model.FrameworkMethod$1.runReflectiveCall(FrameworkMethod.java:45)
	at org.junit.internal.runners.model.ReflectiveCallable.run(ReflectiveCallable.java:15)
	at org.junit.runners.model.FrameworkMethod.invokeExplosively(FrameworkMethod.java:42)
	at org.junit.internal.runners.statements.InvokeMethod.evaluate(InvokeMethod.java:20)
	at org.junit.internal.runners.statements.RunBefores.evaluate(RunBefores.java:28)
	at org.springframework.test.context.junit4.statements.RunBeforeTestMethodCallbacks.evaluate(RunBeforeTestMethodCallbacks.java:74)
	at org.springframework.test.context.junit4.statements.RunAfterTestMethodCallbacks.evaluate(RunAfterTestMethodCallbacks.java:83)
	at org.junit.rules.TestWatcher$1.evaluate(TestWatcher.java:47)
	at org.junit.rules.RunRules.evaluate(RunRules.java:18)
	at org.springframework.test.context.junit4.statements.SpringRepeat.evaluate(SpringRepeat.java:72)
	at org.springframework.test.context.junit4.SpringJUnit4ClassRunner.runChild(SpringJUnit4ClassRunner.java:231)
	at org.junit.runners.BlockJUnit4ClassRunner.runChild(BlockJUnit4ClassRunner.java:47)
	at org.junit.runners.ParentRunner$3.run(ParentRunner.java:231)
	at org.junit.runners.ParentRunner$1.schedule(ParentRunner.java:60)
	at org.junit.runners.ParentRunner.runChildren(ParentRunner.java:229)
	at org.junit.runners.ParentRunner.access$000(ParentRunner.java:50)
	at org.junit.runners.ParentRunner$2.evaluate(ParentRunner.java:222)
	at org.springframework.test.context.junit4.statements.RunBeforeTestClassCallbacks.evaluate(RunBeforeTestClassCallbacks.java:61)
	at org.springframework.test.context.junit4.statements.RunAfterTestClassCallbacks.evaluate(RunAfterTestClassCallbacks.java:71)
	at org.junit.runners.ParentRunner.run(ParentRunner.java:300)
	at org.springframework.test.context.junit4.SpringJUnit4ClassRunner.run(SpringJUnit4ClassRunner.java:174)
	at org.apache.maven.surefire.junit4.JUnit4TestSet.execute(JUnit4TestSet.java:53)
	at org.apache.maven.surefire.junit4.JUnit4Provider.executeTestSet(JUnit4Provider.java:123)
	at org.apache.maven.surefire.junit4.JUnit4Provider.invoke(JUnit4Provider.java:104)
	at sun.reflect.NativeMethodAccessorImpl.invoke0(Native Method)
	at sun.reflect.NativeMethodAccessorImpl.invoke(NativeMethodAccessorImpl.java:39)
	at sun.reflect.DelegatingMethodAccessorImpl.invoke(DelegatingMethodAccessorImpl.java:25)
	at java.lang.reflect.Method.invoke(Method.java:597)
	at org.apache.maven.surefire.util.ReflectionUtils.invokeMethodWithArray(ReflectionUtils.java:164)
	at org.apache.maven.surefire.booter.ProviderFactory$ProviderProxy.invoke(ProviderFactory.java:110)
	at org.apache.maven.surefire.booter.SurefireStarter.invokeProvider(SurefireStarter.java:175)
	at org.apache.maven.surefire.booter.SurefireStarter.runSuitesInProcessWhenForked(SurefireStarter.java:107)
	at org.apache.maven.surefire.booter.ForkedBooter.main(ForkedBooter.java:68)
Caused by: java.sql.SQLException: Field &apos;ID&apos; doesn&apos;t have a default value
	at com.mysql.jdbc.SQLError.createSQLException(SQLError.java:1074)
	at com.mysql.jdbc.MysqlIO.checkErrorPacket(MysqlIO.java:4074)
	at com.mysql.jdbc.MysqlIO.checkErrorPacket(MysqlIO.java:4006)
	at com.mysql.jdbc.MysqlIO.sendCommand(MysqlIO.java:2468)
	at com.mysql.jdbc.MysqlIO.sqlQueryDirect(MysqlIO.java:2629)
	at com.mysql.jdbc.ConnectionImpl.execSQL(ConnectionImpl.java:2719)
	at com.mysql.jdbc.PreparedStatement.executeInternal(PreparedStatement.java:2155)
	at com.mysql.jdbc.PreparedStatement.executeUpdate(PreparedStatement.java:2450)
	at com.mysql.jdbc.PreparedStatement.executeUpdate(PreparedStatement.java:2371)
	at com.mysql.jdbc.PreparedStatement.executeUpdate(PreparedStatement.java:2355)
	at sun.reflect.GeneratedMethodAccessor57.invoke(Unknown Source)
	at sun.reflect.DelegatingMethodAccessorImpl.invoke(DelegatingMethodAccessorImpl.java:25)
	at java.lang.reflect.Method.invoke(Method.java:597)
	at org.hibernate.engine.jdbc.internal.proxy.AbstractStatementProxyHandler.continueInvocation(AbstractStatementProxyHandler.java:122)
	... 49 more
</error>
    <system-out>21:04:52,630 DEBUG GenericHibernateDAO:84 - save: Paper
21:04:52,631 DEBUG GenericHibernateDAO:98 - flush
21:04:52,632 DEBUG SQL:104 - insert into PAPER (VERSION, DOI, ABSTRACT, CUSTOM_RANKING, PUB_ENTRY_DATE, KEYWORDS, PUBLIC, RANKING_ID, TITLE, SUBMITTED_BY_USER_ID, USER_TAGS, ID) values (?, ?, ?, ?, ?, ?, ?, ?, ?, ?, ?, ?)
21:04:52,637 DEBUG SQL:104 - INSERT INTO publisher (VERSION, NAME, RANKING_ID) VALUES(?, ?, ?)
21:04:52,638  WARN SqlExceptionHelper:143 - SQL Error: 1364, SQLState: HY000
21:04:52,638 ERROR SqlExceptionHelper:144 - Field &apos;ID&apos; doesn&apos;t have a default value
</system-out>
  </testcase>
  <testcase time="0.108" classname="edu.ualberta.cs.papersdb.server.dao.hibernate.TestPaper" name="relatedPapers"/>
</testsuite>