<?xml version="1.0" encoding="UTF-8" ?>
<testsuite failures="0" time="0.217" errors="1" skipped="0" tests="4" name="edu.ualberta.cs.papersdb.server.dao.hibernate.TestAuthor">
  <properties>
[...]
</properties>
  <testcase time="0.072" classname="edu.ualberta.cs.papersdb.server.dao.hibernate.TestAuthor" name="create"/>
  <testcase time="0.043" classname="edu.ualberta.cs.papersdb.server.dao.hibernate.TestAuthor" name="getByFamilyNames">
    <error type="java.util.NoSuchElementException">java.util.NoSuchElementException
	at java.util.HashMap$HashIterator.nextEntry(HashMap.java:796)
	at java.util.HashMap$KeyIterator.next(HashMap.java:828)
	at edu.ualberta.cs.papersdb.server.dao.hibernate.AuthorDAOHibernateImpl.getByFamilyName(AuthorDAOHibernateImpl.java:43)
	at sun.reflect.NativeMethodAccessorImpl.invoke0(Native Method)
	at sun.reflect.NativeMethodAccessorImpl.invoke(NativeMethodAccessorImpl.java:39)
	at sun.reflect.DelegatingMethodAccessorImpl.invoke(DelegatingMethodAccessorImpl.java:25)
	at java.lang.reflect.Method.invoke(Method.java:597)
	at org.springframework.aop.support.AopUtils.invokeJoinpointUsingReflection(AopUtils.java:319)
	at org.springframework.aop.framework.ReflectiveMethodInvocation.invokeJoinpoint(ReflectiveMethodInvocation.java:183)
	at org.springframework.aop.framework.ReflectiveMethodInvocation.proceed(ReflectiveMethodInvocation.java:150)
	at org.springframework.dao.support.PersistenceExceptionTranslationInterceptor.invoke(PersistenceExceptionTranslationInterceptor.java:155)
	at org.springframework.aop.framework.ReflectiveMethodInvocation.proceed(ReflectiveMethodInvocation.java:172)
	at org.springframework.aop.framework.JdkDynamicAopProxy.invoke(JdkDynamicAopProxy.java:202)
	at $Proxy54.getByFamilyName(Unknown Source)
	at edu.ualberta.cs.papersdb.server.dao.hibernate.TestAuthor.getByFamilyNames(TestAuthor.java:84)
	at sun.reflect.NativeMethodAccessorImpl.invoke0(Native Method)
	at sun.reflect.NativeMethodAccessorImpl.invoke(NativeMethodAccessorImpl.java:39)
	at sun.reflect.DelegatingMethodAccessorImpl.invoke(DelegatingMethodAccessorImpl.java:25)
	at java.lang.reflect.Method.invoke(Method.java:597)
	at org.junit.runners.model.FrameworkMethod$1.runReflectiveCall(FrameworkMethod.java:45)
	at org.junit.internal.runners.model.ReflectiveCallable.run(ReflectiveCallable.java:15)
	at org.junit.runners.model.FrameworkMethod.invokeExplosively(FrameworkMethod.java:42)
	at org.junit.internal.runners.statements.InvokeMethod.evaluate(InvokeMethod.java:20)
	at org.junit.internal.runners.statements.RunBefores.evaluate(RunBefores.java:28)
	at org.springframework.test.context.junit4.statements.RunBeforeTestMethodCallbacks.evaluate(RunBeforeTestMethodCallbacks.java:74)
	at org.springframework.test.context.junit4.statements.RunAfterTestMethodCallbacks.evaluate(RunAfterTestMethodCallbacks.java:83)
	at org.junit.rules.TestWatcher$1.evaluate(TestWatcher.java:47)
	at org.junit.rules.RunRules.evaluate(RunRules.java:18)
	at org.springframework.test.context.junit4.statements.SpringRepeat.evaluate(SpringRepeat.java:72)
	at org.springframework.test.context.junit4.SpringJUnit4ClassRunner.runChild(SpringJUnit4ClassRunner.java:231)
	at org.junit.runners.BlockJUnit4ClassRunner.runChild(BlockJUnit4ClassRunner.java:47)
	at org.junit.runners.ParentRunner$3.run(ParentRunner.java:231)
	at org.junit.runners.ParentRunner$1.schedule(ParentRunner.java:60)
	at org.junit.runners.ParentRunner.runChildren(ParentRunner.java:229)
	at org.junit.runners.ParentRunner.access$000(ParentRunner.java:50)
	at org.junit.runners.ParentRunner$2.evaluate(ParentRunner.java:222)
	at org.springframework.test.context.junit4.statements.RunBeforeTestClassCallbacks.evaluate(RunBeforeTestClassCallbacks.java:61)
	at org.springframework.test.context.junit4.statements.RunAfterTestClassCallbacks.evaluate(RunAfterTestClassCallbacks.java:71)
	at org.junit.runners.ParentRunner.run(ParentRunner.java:300)
	at org.springframework.test.context.junit4.SpringJUnit4ClassRunner.run(SpringJUnit4ClassRunner.java:174)
	at org.apache.maven.surefire.junit4.JUnit4TestSet.execute(JUnit4TestSet.java:53)
	at org.apache.maven.surefire.junit4.JUnit4Provider.executeTestSet(JUnit4Provider.java:123)
	at org.apache.maven.surefire.junit4.JUnit4Provider.invoke(JUnit4Provider.java:104)
	at sun.reflect.NativeMethodAccessorImpl.invoke0(Native Method)
	at sun.reflect.NativeMethodAccessorImpl.invoke(NativeMethodAccessorImpl.java:39)
	at sun.reflect.DelegatingMethodAccessorImpl.invoke(DelegatingMethodAccessorImpl.java:25)
	at java.lang.reflect.Method.invoke(Method.java:597)
	at org.apache.maven.surefire.util.ReflectionUtils.invokeMethodWithArray(ReflectionUtils.java:164)
	at org.apache.maven.surefire.booter.ProviderFactory$ProviderProxy.invoke(ProviderFactory.java:110)
	at org.apache.maven.surefire.booter.SurefireStarter.invokeProvider(SurefireStarter.java:175)
	at org.apache.maven.surefire.booter.SurefireStarter.runSuitesInProcessWhenForked(SurefireStarter.java:107)
	at org.apache.maven.surefire.booter.ForkedBooter.main(ForkedBooter.java:68)
</error>
    <system-out>21:04:52,864 DEBUG GenericHibernateDAO:84 - save: Author
21:04:52,865 DEBUG PaperDAOHibernateImpl:33 - getByFamilyName: getByFamilyNames-109364648
21:04:52,865 DEBUG GenericHibernateDAO:68 - getByExample: Author
21:04:52,866 DEBUG SQL:104 - insert into AUTHOR (VERSION, EMAIL, FAMILY_NAMES, GIVEN_NAMES, TITLE, ID) values (?, ?, ?, ?, ?, ?)
21:04:52,867 DEBUG SQL:104 - select this_.ID as ID3_0_, this_.VERSION as VERSION3_0_, this_.EMAIL as EMAIL3_0_, this_.FAMILY_NAMES as FAMILY4_3_0_, this_.GIVEN_NAMES as GIVEN5_3_0_, this_.TITLE as TITLE3_0_ from AUTHOR this_ where (this_.FAMILY_NAMES=?)
21:04:52,868 DEBUG PaperDAOHibernateImpl:33 - getByFamilyName: 1027147994359013357165409800592217575532
21:04:52,868 DEBUG GenericHibernateDAO:68 - getByExample: Author
21:04:52,868 DEBUG SQL:104 - select this_.ID as ID3_0_, this_.VERSION as VERSION3_0_, this_.EMAIL as EMAIL3_0_, this_.FAMILY_NAMES as FAMILY4_3_0_, this_.GIVEN_NAMES as GIVEN5_3_0_, this_.TITLE as TITLE3_0_ from AUTHOR this_ where (this_.FAMILY_NAMES=?)
</system-out>
  </testcase>
  <testcase time="0.051" classname="edu.ualberta.cs.papersdb.server.dao.hibernate.TestAuthor" name="getMatchingFamilyName"/>
  <testcase time="0.051" classname="edu.ualberta.cs.papersdb.server.dao.hibernate.TestAuthor" name="getByEmail"/>
</testsuite>